# JRE version: Java(TM) SE Runtime Environment (21.0.1+12) (build 21.0.1+12-LTS-29)
# Java VM: Java HotSpot(TM) 64-Bit Server VM (21.0.1+12-LTS-29, mixed mode, emulated-client, sharing, tiered, compressed oops, compressed class ptrs, g1 gc, windows-amd64)
GC Precious Log:
 CardTable entry size: 512
 Card Set container configuration: InlinePtr #cards 4 size 8 Array Of Cards #cards 16 size 48 Howl #buckets 8 coarsen threshold 3686 Howl Bitmap #cards 512 size 80 coarsen threshold 460 Card regions per heap region 1 cards per card region 4096
 CPUs: 8 total, 8 available
 Memory: 16264M
 Large Page Support: Disabled
 NUMA Support: Disabled
 Compressed Oops: Enabled (Zero based)
 Heap Region Size: 2M
 Heap Min Capacity: 8M
 Heap Initial Capacity: 256M
 Heap Max Capacity: 4068M
 Pre-touch: Disabled
 Parallel Workers: 8
 Concurrent Workers: 2
 Concurrent Refinement Workers: 8
 Periodic GC: Disabled
Heap:
 garbage-first heap   total 102400K, used 83102K [0x0000000701c00000, 0x0000000800000000)
  region size 2048K, 23 young (47104K), 1 survivors (2048K)
 Metaspace       used 79059K, committed 79744K, reserved 1179648K
  class space    used 10818K, committed 11136K, reserved 1048576K
GC Heap History (20 events):
Event: 9.949 GC heap before
{Heap before GC invocations=16 (full 0):
 garbage-first heap   total 83968K, used 69715K [0x0000000701c00000, 0x0000000800000000)
  region size 2048K, 22 young (45056K), 3 survivors (6144K)
 Metaspace       used 59850K, committed 60480K, reserved 1114112K
  class space    used 8035K, committed 8320K, reserved 1048576K
}
Event: 9.967 GC heap after
{Heap after GC invocations=17 (full 0):
 garbage-first heap   total 83968K, used 32033K [0x0000000701c00000, 0x0000000800000000)
  region size 2048K, 3 young (6144K), 3 survivors (6144K)
 Metaspace       used 59850K, committed 60480K, reserved 1114112K
  class space    used 8035K, committed 8320K, reserved 1048576K
}
Event: 10.822 GC heap before
{Heap before GC invocations=17 (full 0):
 garbage-first heap   total 83968K, used 68897K [0x0000000701c00000, 0x0000000800000000)
  region size 2048K, 21 young (43008K), 3 survivors (6144K)
 Metaspace       used 61824K, committed 62464K, reserved 1114112K
  class space    used 8302K, committed 8576K, reserved 1048576K
}
Event: 10.841 GC heap after
{Heap after GC invocations=18 (full 0):
 garbage-first heap   total 83968K, used 34043K [0x0000000701c00000, 0x0000000800000000)
  region size 2048K, 2 young (4096K), 2 survivors (4096K)
 Metaspace       used 61824K, committed 62464K, reserved 1114112K
  class space    used 8302K, committed 8576K, reserved 1048576K
}
Event: 12.201 GC heap before
{Heap before GC invocations=18 (full 0):
 garbage-first heap   total 83968K, used 72955K [0x0000000701c00000, 0x0000000800000000)
  region size 2048K, 21 young (43008K), 2 survivors (4096K)
 Metaspace       used 63126K, committed 63808K, reserved 1114112K
  class space    used 8522K, committed 8832K, reserved 1048576K
}
Event: 12.219 GC heap after
{Heap after GC invocations=19 (full 0):
 garbage-first heap   total 83968K, used 36139K [0x0000000701c00000, 0x0000000800000000)
  region size 2048K, 2 young (4096K), 2 survivors (4096K)
 Metaspace       used 63126K, committed 63808K, reserved 1114112K
  class space    used 8522K, committed 8832K, reserved 1048576K
}
Event: 13.135 GC heap before
{Heap before GC invocations=20 (full 0):
 garbage-first heap   total 83968K, used 73003K [0x0000000701c00000, 0x0000000800000000)
  region size 2048K, 20 young (40960K), 2 survivors (4096K)
 Metaspace       used 64466K, committed 65152K, reserved 1114112K
  class space    used 8762K, committed 9088K, reserved 1048576K
}
Event: 13.160 GC heap after
{Heap after GC invocations=21 (full 0):
 garbage-first heap   total 83968K, used 38872K [0x0000000701c00000, 0x0000000800000000)
  region size 2048K, 3 young (6144K), 3 survivors (6144K)
 Metaspace       used 64466K, committed 65152K, reserved 1114112K
  class space    used 8762K, committed 9088K, reserved 1048576K
}
Event: 14.225 GC heap before
{Heap before GC invocations=21 (full 0):
 garbage-first heap   total 83968K, used 69592K [0x0000000701c00000, 0x0000000800000000)
  region size 2048K, 18 young (36864K), 3 survivors (6144K)
 Metaspace       used 65429K, committed 66112K, reserved 1114112K
  class space    used 8918K, committed 9216K, reserved 1048576K
}
Event: 14.249 GC heap after
{Heap after GC invocations=22 (full 0):
 garbage-first heap   total 83968K, used 39997K [0x0000000701c00000, 0x0000000800000000)
  region size 2048K, 3 young (6144K), 3 survivors (6144K)
 Metaspace       used 65429K, committed 66112K, reserved 1114112K
  class space    used 8918K, committed 9216K, reserved 1048576K
}
Event: 15.225 GC heap before
{Heap before GC invocations=22 (full 0):
 garbage-first heap   total 83968K, used 68669K [0x0000000701c00000, 0x0000000800000000)
  region size 2048K, 17 young (34816K), 3 survivors (6144K)
 Metaspace       used 67895K, committed 68672K, reserved 1114112K
  class space    used 9279K, committed 9600K, reserved 1048576K
}
Event: 15.234 GC heap after
{Heap after GC invocations=23 (full 0):
 garbage-first heap   total 102400K, used 41897K [0x0000000701c00000, 0x0000000800000000)
  region size 2048K, 2 young (4096K), 2 survivors (4096K)
 Metaspace       used 67895K, committed 68672K, reserved 1114112K
  class space    used 9279K, committed 9600K, reserved 1048576K
}
Event: 466.252 GC heap before
{Heap before GC invocations=24 (full 0):
 garbage-first heap   total 102400K, used 89001K [0x0000000701c00000, 0x0000000800000000)
  region size 2048K, 26 young (53248K), 2 survivors (4096K)
 Metaspace       used 72350K, committed 73152K, reserved 1114112K
  class space    used 9875K, committed 10240K, reserved 1048576K
}
Event: 466.264 GC heap after
{Heap after GC invocations=25 (full 0):
 garbage-first heap   total 102400K, used 44827K [0x0000000701c00000, 0x0000000800000000)
  region size 2048K, 4 young (8192K), 4 survivors (8192K)
 Metaspace       used 72350K, committed 73152K, reserved 1114112K
  class space    used 9875K, committed 10240K, reserved 1048576K
}
Event: 2006.301 GC heap before
{Heap before GC invocations=25 (full 0):
 garbage-first heap   total 102400K, used 81691K [0x0000000701c00000, 0x0000000800000000)
  region size 2048K, 24 young (49152K), 4 survivors (8192K)
 Metaspace       used 73578K, committed 74304K, reserved 1114112K
  class space    used 10022K, committed 10368K, reserved 1048576K
}
Event: 2006.373 GC heap after
{Heap after GC invocations=26 (full 0):
 garbage-first heap   total 102400K, used 45014K [0x0000000701c00000, 0x0000000800000000)
  region size 2048K, 2 young (4096K), 2 survivors (4096K)
 Metaspace       used 73578K, committed 74304K, reserved 1114112K
  class space    used 10022K, committed 10368K, reserved 1048576K
}
Event: 4074.031 GC heap before
{Heap before GC invocations=27 (full 0):
 garbage-first heap   total 102400K, used 90070K [0x0000000701c00000, 0x0000000800000000)
  region size 2048K, 24 young (49152K), 2 survivors (4096K)
 Metaspace       used 73252K, committed 74368K, reserved 1114112K
  class space    used 9929K, committed 10368K, reserved 1048576K
}
Event: 4074.043 GC heap after
{Heap after GC invocations=28 (full 0):
 garbage-first heap   total 102400K, used 45609K [0x0000000701c00000, 0x0000000800000000)
  region size 2048K, 1 young (2048K), 1 survivors (2048K)
 Metaspace       used 73252K, committed 74368K, reserved 1114112K
  class space    used 9929K, committed 10368K, reserved 1048576K
}
Event: 6241.499 GC heap before
{Heap before GC invocations=28 (full 0):
 garbage-first heap   total 102400K, used 92713K [0x0000000701c00000, 0x0000000800000000)
  region size 2048K, 24 young (49152K), 1 survivors (2048K)
 Metaspace       used 73252K, committed 74368K, reserved 1114112K
  class space    used 9929K, committed 10368K, reserved 1048576K
}
Event: 6241.554 GC heap after
{Heap after GC invocations=29 (full 0):
 garbage-first heap   total 102400K, used 42142K [0x0000000701c00000, 0x0000000800000000)
  region size 2048K, 1 young (2048K), 1 survivors (2048K)
 Metaspace       used 73252K, committed 74368K, reserved 1114112K
  class space    used 9929K, committed 10368K, reserved 1048576K
}

